--------------------------------------------------------------------------------
Release 14.7 Trace  (nt64)
Copyright (c) 1995-2013 Xilinx, Inc.  All rights reserved.

C:\Xilinx\14.7\ISE_DS\ISE\bin\nt64\unwrapped\trce.exe -intstyle ise -v 3 -s 4
-n 3 -fastpaths -xml Mux.twx Mux.ncd -o Mux.twr Mux.pcf

Design file:              Mux.ncd
Physical constraint file: Mux.pcf
Device,package,speed:     xc3s500e,fg320,-4 (PRODUCTION 1.27 2013-10-13)
Report level:             verbose report

Environment Variable      Effect 
--------------------      ------ 
NONE                      No environment variables were set
--------------------------------------------------------------------------------

INFO:Timing:2698 - No timing constraints found, doing default enumeration.
INFO:Timing:3412 - To improve timing, see the Timing Closure User Guide (UG612).
INFO:Timing:2752 - To get complete path coverage, use the unconstrained paths 
   option. All paths that are not constrained will be reported in the 
   unconstrained paths section(s) of the report.
INFO:Timing:3339 - The clock-to-out numbers in this timing report are based on 
   a 50 Ohm transmission line loading model.  For the details of this model, 
   and for more information on accounting for different loading conditions, 
   please see the device datasheet.
INFO:Timing:3390 - This architecture does not support a default System Jitter 
   value, please add SYSTEM_JITTER constraint to the UCF to modify the Clock 
   Uncertainty calculation.
INFO:Timing:3389 - This architecture does not support 'Discrete Jitter' and 
   'Phase Error' calculations, these terms will be zero in the Clock 
   Uncertainty calculation.  Please make appropriate modification to 
   SYSTEM_JITTER to account for the unsupported Discrete Jitter and Phase 
   Error.



Data Sheet report:
-----------------
All values displayed in nanoseconds (ns)

Pad to Pad
---------------+---------------+---------+
Source Pad     |Destination Pad|  Delay  |
---------------+---------------+---------+
a<0>           |c<0>           |    8.720|
a<1>           |c<1>           |    9.310|
a<2>           |c<2>           |    8.630|
a<3>           |c<3>           |    8.538|
a<4>           |c<4>           |    8.089|
a<5>           |c<5>           |    8.546|
a<6>           |c<6>           |    7.954|
a<7>           |c<7>           |    8.153|
a<8>           |c<8>           |    7.337|
a<9>           |c<9>           |    8.518|
a<10>          |c<10>          |    8.084|
a<11>          |c<11>          |    7.710|
a<12>          |c<12>          |    7.376|
a<13>          |c<13>          |    6.280|
a<14>          |c<14>          |    5.956|
a<15>          |c<15>          |    7.412|
a<16>          |c<16>          |    8.179|
a<17>          |c<17>          |    7.894|
a<18>          |c<18>          |    7.463|
a<19>          |c<19>          |    7.363|
a<20>          |c<20>          |    6.653|
a<21>          |c<21>          |    6.355|
a<22>          |c<22>          |    7.739|
a<23>          |c<23>          |    8.455|
a<24>          |c<24>          |    6.850|
a<25>          |c<25>          |    7.863|
a<26>          |c<26>          |    7.896|
a<27>          |c<27>          |    7.688|
a<28>          |c<28>          |    6.442|
a<29>          |c<29>          |    6.210|
a<30>          |c<30>          |    6.849|
a<31>          |c<31>          |    6.535|
b<0>           |c<0>           |    8.527|
b<1>           |c<1>           |    9.103|
b<2>           |c<2>           |    8.495|
b<3>           |c<3>           |    7.541|
b<4>           |c<4>           |    7.225|
b<5>           |c<5>           |    7.597|
b<6>           |c<6>           |    9.053|
b<7>           |c<7>           |    8.548|
b<8>           |c<8>           |    8.659|
b<9>           |c<9>           |    8.931|
b<10>          |c<10>          |    7.970|
b<11>          |c<11>          |    8.461|
b<12>          |c<12>          |    9.101|
b<13>          |c<13>          |    7.763|
b<14>          |c<14>          |    7.577|
b<15>          |c<15>          |    8.891|
b<16>          |c<16>          |    9.519|
b<17>          |c<17>          |    9.111|
b<18>          |c<18>          |    7.822|
b<19>          |c<19>          |    8.407|
b<20>          |c<20>          |    8.422|
b<21>          |c<21>          |    7.994|
b<22>          |c<22>          |    8.330|
b<23>          |c<23>          |    8.728|
b<24>          |c<24>          |    7.202|
b<25>          |c<25>          |    8.073|
b<26>          |c<26>          |    8.633|
b<27>          |c<27>          |    8.427|
b<28>          |c<28>          |    8.517|
b<29>          |c<29>          |    7.921|
b<30>          |c<30>          |    7.784|
b<31>          |c<31>          |    7.200|
sel            |c<0>           |   10.605|
sel            |c<1>           |   11.838|
sel            |c<2>           |   11.258|
sel            |c<3>           |   11.855|
sel            |c<4>           |   11.638|
sel            |c<5>           |   11.597|
sel            |c<6>           |   11.337|
sel            |c<7>           |   11.608|
sel            |c<8>           |   11.460|
sel            |c<9>           |   12.378|
sel            |c<10>          |   10.372|
sel            |c<11>          |   11.238|
sel            |c<12>          |   10.320|
sel            |c<13>          |   10.041|
sel            |c<14>          |   10.514|
sel            |c<15>          |   11.155|
sel            |c<16>          |   11.158|
sel            |c<17>          |   11.607|
sel            |c<18>          |   11.273|
sel            |c<19>          |   11.454|
sel            |c<20>          |   11.697|
sel            |c<21>          |   11.571|
sel            |c<22>          |   12.126|
sel            |c<23>          |   12.529|
sel            |c<24>          |   12.278|
sel            |c<25>          |   13.286|
sel            |c<26>          |   12.872|
sel            |c<27>          |   12.856|
sel            |c<28>          |   12.585|
sel            |c<29>          |   12.304|
sel            |c<30>          |   12.288|
sel            |c<31>          |   12.478|
---------------+---------------+---------+


Analysis completed Sat Apr 15 22:17:40 2017 
--------------------------------------------------------------------------------

Trace Settings:
-------------------------
Trace Settings 

Peak Memory Usage: 181 MB



