--------------------------------------------------------------------------------
Release 14.7 Trace  (nt64)
Copyright (c) 1995-2013 Xilinx, Inc.  All rights reserved.

C:\Xilinx\14.7\ISE_DS\ISE\bin\nt64\unwrapped\trce.exe -intstyle ise -v 3 -s 4
-n 3 -fastpaths -xml Pcplus.twx Pcplus.ncd -o Pcplus.twr Pcplus.pcf

Design file:              Pcplus.ncd
Physical constraint file: Pcplus.pcf
Device,package,speed:     xc3s500e,fg320,-4 (PRODUCTION 1.27 2013-10-13)
Report level:             verbose report

Environment Variable      Effect 
--------------------      ------ 
NONE                      No environment variables were set
--------------------------------------------------------------------------------

INFO:Timing:2698 - No timing constraints found, doing default enumeration.
INFO:Timing:3412 - To improve timing, see the Timing Closure User Guide (UG612).
INFO:Timing:2752 - To get complete path coverage, use the unconstrained paths 
   option. All paths that are not constrained will be reported in the 
   unconstrained paths section(s) of the report.
INFO:Timing:3339 - The clock-to-out numbers in this timing report are based on 
   a 50 Ohm transmission line loading model.  For the details of this model, 
   and for more information on accounting for different loading conditions, 
   please see the device datasheet.
INFO:Timing:3390 - This architecture does not support a default System Jitter 
   value, please add SYSTEM_JITTER constraint to the UCF to modify the Clock 
   Uncertainty calculation.
INFO:Timing:3389 - This architecture does not support 'Discrete Jitter' and 
   'Phase Error' calculations, these terms will be zero in the Clock 
   Uncertainty calculation.  Please make appropriate modification to 
   SYSTEM_JITTER to account for the unsupported Discrete Jitter and Phase 
   Error.



Data Sheet report:
-----------------
All values displayed in nanoseconds (ns)

Pad to Pad
---------------+---------------+---------+
Source Pad     |Destination Pad|  Delay  |
---------------+---------------+---------+
pc_now<0>      |pcplus4<0>     |    4.853|
pc_now<0>      |pcplus4<1>     |    6.127|
pc_now<0>      |pcplus4<2>     |    6.647|
pc_now<0>      |pcplus4<3>     |    6.754|
pc_now<0>      |pcplus4<4>     |    7.659|
pc_now<0>      |pcplus4<5>     |    8.069|
pc_now<1>      |pcplus4<1>     |    5.977|
pc_now<1>      |pcplus4<2>     |    6.466|
pc_now<1>      |pcplus4<3>     |    6.424|
pc_now<1>      |pcplus4<4>     |    7.452|
pc_now<1>      |pcplus4<5>     |    7.862|
pc_now<2>      |pcplus4<2>     |    6.571|
pc_now<2>      |pcplus4<3>     |    6.304|
pc_now<2>      |pcplus4<4>     |    7.215|
pc_now<2>      |pcplus4<5>     |    7.625|
pc_now<3>      |pcplus4<3>     |    6.227|
pc_now<3>      |pcplus4<4>     |    6.775|
pc_now<3>      |pcplus4<5>     |    7.185|
pc_now<4>      |pcplus4<4>     |    6.654|
pc_now<4>      |pcplus4<5>     |    6.072|
pc_now<5>      |pcplus4<5>     |    5.951|
---------------+---------------+---------+


Analysis completed Sat Apr 15 22:21:58 2017 
--------------------------------------------------------------------------------

Trace Settings:
-------------------------
Trace Settings 

Peak Memory Usage: 181 MB



