Running: C:\Xilinx\14.7\ISE_DS\ISE\bin\nt64\unwrapped\fuse.exe -intstyle ise -incremental -lib unisims_ver -lib unimacro_ver -lib xilinxcorelib_ver -o E:/projects/ISE/myram/test_isim_beh.exe -prj E:/projects/ISE/myram/test_beh.prj work.test work.glbl 
ISim P.20131013 (signature 0x7708f090)
Number of CPUs detected in this system: 4
Turning on mult-threading, number of parallel sub-compilation jobs: 8 
Determining compilation order of HDL files
Analyzing Verilog file "E:/projects/ISE/myram/../RAM1/ipcore_dir/ram.v" into library work
Analyzing Verilog file "E:/projects/ISE/myram/reg_file.v" into library work
Analyzing Verilog file "E:/projects/ISE/myram/control.v" into library work
WARNING:HDLCompiler:327 - "E:/projects/ISE/myram/control.v" Line 108: Concatenation with unsized literal; will interpret as 32 bits
WARNING:HDLCompiler:327 - "E:/projects/ISE/myram/control.v" Line 109: Concatenation with unsized literal; will interpret as 32 bits
Analyzing Verilog file "E:/projects/ISE/myram/alu.v" into library work
Analyzing Verilog file "E:/projects/ISE/myram/top.v" into library work
Analyzing Verilog file "E:/projects/ISE/myram/test.v" into library work
Analyzing Verilog file "C:/Xilinx/14.7/ISE_DS/ISE//verilog/src/glbl.v" into library work
Starting static elaboration
WARNING:HDLCompiler:327 - "E:/projects/ISE/myram/control.v" Line 108: Concatenation with unsized literal; will interpret as 32 bits
WARNING:HDLCompiler:327 - "E:/projects/ISE/myram/control.v" Line 109: Concatenation with unsized literal; will interpret as 32 bits
Completed static elaboration
Compiling module control
Compiling module reg_file
Compiling module BLK_MEM_GEN_V7_3_output_stage(C_...
Compiling module BLK_MEM_GEN_V7_3_softecc_output_...
Compiling module BLK_MEM_GEN_V7_3_mem_module(C_CO...
Compiling module BLK_MEM_GEN_V7_3(C_FAMILY="spart...
Compiling module ram
Compiling module alu
Compiling module top
Compiling module test
Compiling module glbl
Time Resolution for simulation is 1ps.
Waiting for 4 sub-compilation(s) to finish...
Compiled 11 Verilog Units
Built simulation executable E:/projects/ISE/myram/test_isim_beh.exe
Fuse Memory Usage: 33004 KB
Fuse CPU Usage: 593 ms
